<?xml version="1.0" encoding="utf-8" standalone="no"?>
<test-results xmlns:xsi="http://www.w3.org/2001/XMLSchema-instance" xsi:noNamespaceSchemaLocation="nunit_schema_2.5.xsd" name="Pester" total="0" errors="0" failures="0" not-run="0" inconclusive="0" ignored="0" skipped="0" invalid="0" date="2022-09-05" time="05:40:04">
  <environment clr-version="Unknown" user-domain="SG" os-version="10.0.19044" user="ITQ2CS" nunit-version="2.5.8.0" cwd="C:\Hansong\WoskSpaces\GIT\Pwsh-ImproveCmd\PSActions" machine-name="STD20010" platform="Microsoft Windows 10 Enterprise|C:\WINDOWS|\Device\Harddisk0\Partition3" />
  <culture-info current-culture="de-DE" current-uiculture="en-US" />
  <test-suite type="TestFixture" name="Pester" executed="True" result="Success" success="True" time="0.0044" asserts="0" description="Pester">
    <results />
  </test-suite>
</test-results>